[    7959ms] [ERROR] Failed to load resource: net::ERR_CERT_COMMON_NAME_INVALID @ https://flagr.aviasales.ru/flags?entityId=VXl0ZmmEnARhT0hJRUVhAg%3D%3D&flagTag=salo-web&environment=%22production%22&lang=%22ru%22&market=%22ru%22&platform=%22web%22&brand=%22AS%22&web_client=%22web_desktop%22&auid=%22VXl0ZmmEnARhT0hJRUVhAg%3D%3D%22&reptiloid=false:0
[    8122ms] [ERROR] Failed to load resource: net::ERR_CERT_COMMON_NAME_INVALID @ https://flagr.aviasales.ru/flags?entityId=VXl0ZmmEnARhT0hJRUVhAg%3D%3D&flagTag=salo-web&environment=%22production%22&lang=%22ru%22&market=%22ru%22&platform=%22web%22&brand=%22AS%22&web_client=%22web_desktop%22&auid=%22VXl0ZmmEnARhT0hJRUVhAg%3D%3D%22&reptiloid=false:0
[    8313ms] [ERROR] Failed to load resource: net::ERR_CERT_COMMON_NAME_INVALID @ https://flagr.aviasales.ru/flags?entityId=VXl0ZmmEnARhT0hJRUVhAg%3D%3D&flagTag=salo-web&environment=%22production%22&lang=%22ru%22&market=%22ru%22&platform=%22web%22&brand=%22AS%22&web_client=%22web_desktop%22&auid=%22VXl0ZmmEnARhT0hJRUVhAg%3D%3D%22&reptiloid=false:0
[    8313ms] TypeError: Failed to fetch
    at getFlags (https://www.aviasales.ru/:57:31)
[   12169ms] [WARNING] [GSI_LOGGER]: Your client application uses one of the Google One Tap prompt UI status methods that may stop functioning when FedCM becomes mandatory. Refer to the migration guide to update your code accordingly and opt-in to FedCM to test your changes. Learn more: https://developers.google.com/identity/gsi/web/guides/fedcm-migration?s=dc#display_moment and https://developers.google.com/identity/gsi/web/guides/fedcm-migration?s=dc#skipped_moment @ https://static.aviasales.com/selene-static/spa/main.89afcd77ef3d90b6.min.js:1
[   12169ms] [ERROR] Not signed in with the identity provider. @ https://www.aviasales.ru/?params=BCN1:0
[   24843ms] [ERROR] [GSI_LOGGER]: FedCM get() rejects with AbortError: signal is aborted without reason @ https://static.aviasales.com/selene-static/spa/main.89afcd77ef3d90b6.min.js:1
[   58914ms] [ERROR] Failed to load resource: net::ERR_CERT_COMMON_NAME_INVALID @ https://flagr.aviasales.ru/flags?entityId=VXl0ZmmEnARhT0hJRUVhAg%3D%3D&flagTag=salo-web&environment=%22production%22&lang=%22ru%22&market=%22ru%22&platform=%22web%22&brand=%22AS%22&web_client=%22web_desktop%22&auid=%22VXl0ZmmEnARhT0hJRUVhAg%3D%3D%22&reptiloid=false:0
[   59882ms] [ERROR] Failed to load resource: net::ERR_CERT_COMMON_NAME_INVALID @ https://flagr.aviasales.ru/flags?entityId=VXl0ZmmEnARhT0hJRUVhAg%3D%3D&flagTag=salo-web&environment=%22production%22&lang=%22ru%22&market=%22ru%22&platform=%22web%22&brand=%22AS%22&web_client=%22web_desktop%22&auid=%22VXl0ZmmEnARhT0hJRUVhAg%3D%3D%22&reptiloid=false:0
[   61165ms] [ERROR] Failed to load resource: net::ERR_CERT_COMMON_NAME_INVALID @ https://flagr.aviasales.ru/flags?entityId=VXl0ZmmEnARhT0hJRUVhAg%3D%3D&flagTag=salo-web&environment=%22production%22&lang=%22ru%22&market=%22ru%22&platform=%22web%22&brand=%22AS%22&web_client=%22web_desktop%22&auid=%22VXl0ZmmEnARhT0hJRUVhAg%3D%3D%22&reptiloid=false:0
[   61778ms] [WARNING] [GSI_LOGGER]: Your client application uses one of the Google One Tap prompt UI status methods that may stop functioning when FedCM becomes mandatory. Refer to the migration guide to update your code accordingly and opt-in to FedCM to test your changes. Learn more: https://developers.google.com/identity/gsi/web/guides/fedcm-migration?s=dc#display_moment and https://developers.google.com/identity/gsi/web/guides/fedcm-migration?s=dc#skipped_moment @ https://static.aviasales.com/selene-static/spa/main.89afcd77ef3d90b6.min.js:1
[   61779ms] [ERROR] Not signed in with the identity provider. @ https://www.aviasales.ru/?params=BCN1:0
[   62227ms] [ERROR] [GSI_LOGGER]: FedCM get() rejects with NetworkError: Error retrieving a token. @ https://static.aviasales.com/selene-static/spa/main.89afcd77ef3d90b6.min.js:1
[   75788ms] [ERROR] Failed to load resource: net::ERR_CERT_COMMON_NAME_INVALID @ https://flagr.aviasales.ru/flags?entityId=VXl0ZmmEnARhT0hJRUVhAg%3D%3D&flagTag=salo-web&environment=%22production%22&lang=%22ru%22&market=%22ru%22&platform=%22web%22&brand=%22AS%22&web_client=%22web_desktop%22&auid=%22VXl0ZmmEnARhT0hJRUVhAg%3D%3D%22&reptiloid=false:0
[   77056ms] [ERROR] Failed to load resource: net::ERR_CERT_COMMON_NAME_INVALID @ https://flagr.aviasales.ru/flags?entityId=VXl0ZmmEnARhT0hJRUVhAg%3D%3D&flagTag=salo-web&environment=%22production%22&lang=%22ru%22&market=%22ru%22&platform=%22web%22&brand=%22AS%22&web_client=%22web_desktop%22&auid=%22VXl0ZmmEnARhT0hJRUVhAg%3D%3D%22&reptiloid=false:0
[   77396ms] [ERROR] Failed to load resource: net::ERR_CERT_COMMON_NAME_INVALID @ https://flagr.aviasales.ru/flags?entityId=VXl0ZmmEnARhT0hJRUVhAg%3D%3D&flagTag=salo-web&environment=%22production%22&lang=%22ru%22&market=%22ru%22&platform=%22web%22&brand=%22AS%22&web_client=%22web_desktop%22&auid=%22VXl0ZmmEnARhT0hJRUVhAg%3D%3D%22&reptiloid=false:0
[   77807ms] [WARNING] [GSI_LOGGER]: Your client application uses one of the Google One Tap prompt UI status methods that may stop functioning when FedCM becomes mandatory. Refer to the migration guide to update your code accordingly and opt-in to FedCM to test your changes. Learn more: https://developers.google.com/identity/gsi/web/guides/fedcm-migration?s=dc#display_moment and https://developers.google.com/identity/gsi/web/guides/fedcm-migration?s=dc#skipped_moment @ https://static.aviasales.com/selene-static/spa/main.89afcd77ef3d90b6.min.js:1
[   77807ms] [ERROR] Not signed in with the identity provider. @ https://www.aviasales.ru/?params=BCN1:0
[   78261ms] [ERROR] [GSI_LOGGER]: FedCM get() rejects with NetworkError: Error retrieving a token. @ https://static.aviasales.com/selene-static/spa/main.89afcd77ef3d90b6.min.js:1
[   90565ms] [ERROR] Failed to load resource: net::ERR_CERT_COMMON_NAME_INVALID @ https://flagr.aviasales.ru/flags?entityId=VXl0ZmmEnARhT0hJRUVhAg%3D%3D&flagTag=salo-web&environment=%22production%22&lang=%22ru%22&market=%22ru%22&platform=%22web%22&brand=%22AS%22&web_client=%22web_desktop%22&auid=%22VXl0ZmmEnARhT0hJRUVhAg%3D%3D%22&reptiloid=false:0
[   92061ms] [ERROR] Failed to load resource: net::ERR_CERT_COMMON_NAME_INVALID @ https://flagr.aviasales.ru/flags?entityId=VXl0ZmmEnARhT0hJRUVhAg%3D%3D&flagTag=salo-web&environment=%22production%22&lang=%22ru%22&market=%22ru%22&platform=%22web%22&brand=%22AS%22&web_client=%22web_desktop%22&auid=%22VXl0ZmmEnARhT0hJRUVhAg%3D%3D%22&reptiloid=false:0
[   92408ms] [ERROR] Failed to load resource: net::ERR_CERT_COMMON_NAME_INVALID @ https://flagr.aviasales.ru/flags?entityId=VXl0ZmmEnARhT0hJRUVhAg%3D%3D&flagTag=salo-web&environment=%22production%22&lang=%22ru%22&market=%22ru%22&platform=%22web%22&brand=%22AS%22&web_client=%22web_desktop%22&auid=%22VXl0ZmmEnARhT0hJRUVhAg%3D%3D%22&reptiloid=false:0
[   93820ms] [WARNING] [GSI_LOGGER]: Your client application uses one of the Google One Tap prompt UI status methods that may stop functioning when FedCM becomes mandatory. Refer to the migration guide to update your code accordingly and opt-in to FedCM to test your changes. Learn more: https://developers.google.com/identity/gsi/web/guides/fedcm-migration?s=dc#display_moment and https://developers.google.com/identity/gsi/web/guides/fedcm-migration?s=dc#skipped_moment @ https://static.aviasales.com/selene-static/spa/main.89afcd77ef3d90b6.min.js:1
[   93821ms] [ERROR] Not signed in with the identity provider. @ https://www.aviasales.ru/?params=BCN1:0
[   96409ms] [ERROR] Failed to load resource: net::ERR_CERT_COMMON_NAME_INVALID @ https://flagr.aviasales.ru/flags?entityId=VXl0ZmmEnARhT0hJRUVhAg%3D%3D&flagTag=salo-web&environment=%22production%22&lang=%22ru%22&market=%22ru%22&platform=%22web%22&brand=%22AS%22&web_client=%22web_desktop%22&auid=%22VXl0ZmmEnARhT0hJRUVhAg%3D%3D%22&reptiloid=false:0
[   96851ms] [ERROR] Failed to load resource: net::ERR_CERT_COMMON_NAME_INVALID @ https://flagr.aviasales.ru/flags?entityId=VXl0ZmmEnARhT0hJRUVhAg%3D%3D&flagTag=salo-web&environment=%22production%22&lang=%22ru%22&market=%22ru%22&platform=%22web%22&brand=%22AS%22&web_client=%22web_desktop%22&auid=%22VXl0ZmmEnARhT0hJRUVhAg%3D%3D%22&reptiloid=false:0
[   97068ms] [ERROR] Failed to load resource: net::ERR_CERT_COMMON_NAME_INVALID @ https://flagr.aviasales.ru/flags?entityId=VXl0ZmmEnARhT0hJRUVhAg%3D%3D&flagTag=salo-web&environment=%22production%22&lang=%22ru%22&market=%22ru%22&platform=%22web%22&brand=%22AS%22&web_client=%22web_desktop%22&auid=%22VXl0ZmmEnARhT0hJRUVhAg%3D%3D%22&reptiloid=false:0
[   97069ms] TypeError: Failed to fetch
    at getFlags (https://www.aviasales.ru/?params=BCN1:57:31)
[  102406ms] [ERROR] Failed to load resource: net::ERR_CERT_COMMON_NAME_INVALID @ https://flagr.aviasales.ru/flags?entityId=VXl0ZmmEnARhT0hJRUVhAg%3D%3D&flagTag=salo-web&environment=%22production%22&lang=%22ru%22&market=%22ru%22&platform=%22web%22&brand=%22AS%22&web_client=%22web_desktop%22&auid=%22VXl0ZmmEnARhT0hJRUVhAg%3D%3D%22&reptiloid=false:0
[  103086ms] [ERROR] Failed to load resource: net::ERR_CERT_COMMON_NAME_INVALID @ https://flagr.aviasales.ru/flags?entityId=VXl0ZmmEnARhT0hJRUVhAg%3D%3D&flagTag=salo-web&environment=%22production%22&lang=%22ru%22&market=%22ru%22&platform=%22web%22&brand=%22AS%22&web_client=%22web_desktop%22&auid=%22VXl0ZmmEnARhT0hJRUVhAg%3D%3D%22&reptiloid=false:0
[  103516ms] [ERROR] Failed to load resource: net::ERR_CERT_COMMON_NAME_INVALID @ https://flagr.aviasales.ru/flags?entityId=VXl0ZmmEnARhT0hJRUVhAg%3D%3D&flagTag=salo-web&environment=%22production%22&lang=%22ru%22&market=%22ru%22&platform=%22web%22&brand=%22AS%22&web_client=%22web_desktop%22&auid=%22VXl0ZmmEnARhT0hJRUVhAg%3D%3D%22&reptiloid=false:0
[  106180ms] [WARNING] [GSI_LOGGER]: Your client application uses one of the Google One Tap prompt UI status methods that may stop functioning when FedCM becomes mandatory. Refer to the migration guide to update your code accordingly and opt-in to FedCM to test your changes. Learn more: https://developers.google.com/identity/gsi/web/guides/fedcm-migration?s=dc#display_moment and https://developers.google.com/identity/gsi/web/guides/fedcm-migration?s=dc#skipped_moment @ https://static.aviasales.com/selene-static/spa/main.89afcd77ef3d90b6.min.js:1
[  106181ms] [ERROR] Not signed in with the identity provider. @ https://www.aviasales.ru/?params=BCN1:0
[  108701ms] [ERROR] [GSI_LOGGER]: FedCM get() rejects with NetworkError: Error retrieving a token. @ https://static.aviasales.com/selene-static/spa/main.89afcd77ef3d90b6.min.js:1
[  707634ms] [WARNING] [GSI_LOGGER]: Your client application uses one of the Google One Tap prompt UI status methods that may stop functioning when FedCM becomes mandatory. Refer to the migration guide to update your code accordingly and opt-in to FedCM to test your changes. Learn more: https://developers.google.com/identity/gsi/web/guides/fedcm-migration?s=dc#display_moment and https://developers.google.com/identity/gsi/web/guides/fedcm-migration?s=dc#skipped_moment @ https://static.aviasales.com/selene-static/spa/main.89afcd77ef3d90b6.min.js:1
[  707662ms] [ERROR] Not signed in with the identity provider. @ https://www.aviasales.ru/?params=BCN1:0
[  708465ms] [ERROR] [GSI_LOGGER]: FedCM get() rejects with NetworkError: Error retrieving a token. @ https://static.aviasales.com/selene-static/spa/main.89afcd77ef3d90b6.min.js:1
[  724570ms] [WARNING] [GSI_LOGGER]: Your client application uses one of the Google One Tap prompt UI status methods that may stop functioning when FedCM becomes mandatory. Refer to the migration guide to update your code accordingly and opt-in to FedCM to test your changes. Learn more: https://developers.google.com/identity/gsi/web/guides/fedcm-migration?s=dc#display_moment and https://developers.google.com/identity/gsi/web/guides/fedcm-migration?s=dc#skipped_moment @ https://static.aviasales.com/selene-static/spa/main.89afcd77ef3d90b6.min.js:1
[  724571ms] [ERROR] Not signed in with the identity provider. @ https://www.aviasales.ru/?params=BCN1:0
[  726691ms] [ERROR] [GSI_LOGGER]: FedCM get() rejects with NetworkError: Error retrieving a token. @ https://static.aviasales.com/selene-static/spa/main.89afcd77ef3d90b6.min.js:1
[  742030ms] [WARNING] [GSI_LOGGER]: Your client application uses one of the Google One Tap prompt UI status methods that may stop functioning when FedCM becomes mandatory. Refer to the migration guide to update your code accordingly and opt-in to FedCM to test your changes. Learn more: https://developers.google.com/identity/gsi/web/guides/fedcm-migration?s=dc#display_moment and https://developers.google.com/identity/gsi/web/guides/fedcm-migration?s=dc#skipped_moment @ https://static.aviasales.com/selene-static/spa/main.89afcd77ef3d90b6.min.js:1
[  742031ms] [ERROR] Not signed in with the identity provider. @ https://www.aviasales.ru/?params=BCN1:0
[  744451ms] [ERROR] [GSI_LOGGER]: FedCM get() rejects with NetworkError: Error retrieving a token. @ https://static.aviasales.com/selene-static/spa/main.89afcd77ef3d90b6.min.js:1
[  789348ms] [WARNING] [GSI_LOGGER]: Your client application uses one of the Google One Tap prompt UI status methods that may stop functioning when FedCM becomes mandatory. Refer to the migration guide to update your code accordingly and opt-in to FedCM to test your changes. Learn more: https://developers.google.com/identity/gsi/web/guides/fedcm-migration?s=dc#display_moment and https://developers.google.com/identity/gsi/web/guides/fedcm-migration?s=dc#skipped_moment @ https://static.aviasales.com/selene-static/spa/main.89afcd77ef3d90b6.min.js:1
[  789349ms] [ERROR] Not signed in with the identity provider. @ https://www.aviasales.ru/?params=BCN1:0
[  808936ms] [ERROR] [GSI_LOGGER]: FedCM get() rejects with NetworkError: Error retrieving a token. @ https://static.aviasales.com/selene-static/spa/main.89afcd77ef3d90b6.min.js:1
[  847427ms] [WARNING] [GSI_LOGGER]: Your client application uses one of the Google One Tap prompt UI status methods that may stop functioning when FedCM becomes mandatory. Refer to the migration guide to update your code accordingly and opt-in to FedCM to test your changes. Learn more: https://developers.google.com/identity/gsi/web/guides/fedcm-migration?s=dc#display_moment and https://developers.google.com/identity/gsi/web/guides/fedcm-migration?s=dc#skipped_moment @ https://static.aviasales.com/selene-static/spa/main.89afcd77ef3d90b6.min.js:1
[  847430ms] [ERROR] Not signed in with the identity provider. @ https://www.aviasales.ru/?params=BCN1:0
[  851892ms] [ERROR] [GSI_LOGGER]: FedCM get() rejects with NetworkError: Error retrieving a token. @ https://static.aviasales.com/selene-static/spa/main.89afcd77ef3d90b6.min.js:1
